<?xml version="1.0" encoding="UTF-8"?>
<!-- Generated by org.testng.reporters.JUnitReportReporter -->
<testsuite hostname="DESKTOP-V6S2GU6" failures="0" tests="3" name="tests.TestClass" time="12.511" errors="0" timestamp="2024-08-09T11:16:42 CEST" skipped="0">
  <testcase classname="tests.TestClass" name="test00" time="0.423"/>
  <testcase classname="tests.TestClass" name="test00" time="1.669"/>
  <testcase classname="tests.TestClass" name="test00" time="10.419"/>
</testsuite> <!-- tests.TestClass -->
